  ArrayLinkedList.c
  First.c
C:\Users\Heetae\source\repos\LearningC\LearningC\Member.h(40,55): warning C4477: 'scanf_s' : 서식 문자열 '%s'에 'unsigned int' 형식의 인수가 필요하지만 variadic 인수 2의 형식이 'size_t'입니다.
  (소스 파일 'ArrayLinkedList.c'을(를) 컴파일하는 중)
      C:\Users\Heetae\source\repos\LearningC\LearningC\Member.h(40,55):
      이 인수는 버퍼 크기로 사용됩니다.
  
C:\Users\Heetae\source\repos\LearningC\LearningC\ArrayLinkedList.c(8,20): warning C4047: '==': 'Index'의 간접 참조 수준이 'void *'과(와) 다릅니다.
C:\Users\Heetae\source\repos\LearningC\LearningC\ArrayLinkedList.c(22,20): warning C4047: '==': 'Index'의 간접 참조 수준이 'void *'과(와) 다릅니다.
C:\Users\Heetae\source\repos\LearningC\LearningC\ArrayLinkedList.c(69,10): warning C4133: '함수': 'Index *'과(와) 'ArrayLinkedList_Node *' 사이의 형식이 호환되지 않습니다.
C:\Users\Heetae\source\repos\LearningC\LearningC\ArrayLinkedList.c(87,11): warning C4133: '함수': 'Index *'과(와) 'ArrayLinkedList_Node *' 사이의 형식이 호환되지 않습니다.
C:\Users\Heetae\source\repos\LearningC\LearningC\ArrayLinkedList.c(93,2): error C2059: 구문 오류: '숫자의 접미사가 잘못되었습니다.'
C:\Users\Heetae\source\repos\LearningC\LearningC\ArrayLinkedList.c(95,1): error C2143: 구문 오류: ';'이(가) '}' 앞에 없습니다.
C:\Users\Heetae\source\repos\LearningC\LearningC\StringMatch.h(61,11): warning C4244: 'return': '__int64'에서 'int'(으)로 변환하면서 데이터가 손실될 수 있습니다.
  (소스 파일 'First.c'을(를) 컴파일하는 중)
  
C:\Users\Heetae\source\repos\LearningC\LearningC\StringMatch.h(273,16): warning C4267: '초기화 중': 'size_t'에서 'int'(으)로 변환하면서 데이터가 손실될 수 있습니다.
  (소스 파일 'First.c'을(를) 컴파일하는 중)
  
C:\Users\Heetae\source\repos\LearningC\LearningC\StringMatch.h(274,16): warning C4267: '초기화 중': 'size_t'에서 'int'(으)로 변환하면서 데이터가 손실될 수 있습니다.
  (소스 파일 'First.c'을(를) 컴파일하는 중)
  
C:\Users\Heetae\source\repos\LearningC\LearningC\Member.h(40,55): warning C4477: 'scanf_s' : 서식 문자열 '%s'에 'unsigned int' 형식의 인수가 필요하지만 variadic 인수 2의 형식이 'size_t'입니다.
  (소스 파일 'First.c'을(를) 컴파일하는 중)
      C:\Users\Heetae\source\repos\LearningC\LearningC\Member.h(40,55):
      이 인수는 버퍼 크기로 사용됩니다.
  
  LinkedList.c
C:\Users\Heetae\source\repos\LearningC\LearningC\Member.h(40,55): warning C4477: 'scanf_s' : 서식 문자열 '%s'에 'unsigned int' 형식의 인수가 필요하지만 variadic 인수 2의 형식이 'size_t'입니다.
  (소스 파일 'LinkedList.c'을(를) 컴파일하는 중)
      C:\Users\Heetae\source\repos\LearningC\LearningC\Member.h(40,55):
      이 인수는 버퍼 크기로 사용됩니다.
  
C:\Users\Heetae\source\repos\LearningC\LearningC\LinkedList.c(15,10): warning C4090: '=': 다른 'const' 한정자
  코드를 생성하고 있습니다...
